# JRE version: Java(TM) SE Runtime Environment (8.0_20-b26) (build 1.8.0_20-b26)
# Java VM: Java HotSpot(TM) 64-Bit Server VM (25.20-b23 mixed mode windows-amd64 compressed oops)
Heap:
 PSYoungGen      total 17408K, used 7538K [0x00000000eaf00000, 0x00000000ec180000, 0x0000000100000000)
  eden space 15872K, 46% used [0x00000000eaf00000,0x00000000eb62ca10,0x00000000ebe80000)
  from space 1536K, 12% used [0x00000000ebe80000,0x00000000ebeb0000,0x00000000ec000000)
  to   space 1536K, 0% used [0x00000000ec000000,0x00000000ec000000,0x00000000ec180000)
 ParOldGen       total 44032K, used 25185K [0x00000000c0c00000, 0x00000000c3700000, 0x00000000eaf00000)
  object space 44032K, 57% used [0x00000000c0c00000,0x00000000c2498510,0x00000000c3700000)
 Metaspace       used 8671K, capacity 8820K, committed 9088K, reserved 1056768K
  class space    used 987K, capacity 1026K, committed 1152K, reserved 1048576K
GC Heap History (10 events):
Event: 28.234 GC heap before
{Heap before GC invocations=21 (full 0):
 PSYoungGen      total 17920K, used 16032K [0x00000000eaf00000, 0x00000000ec280000, 0x0000000100000000)
  eden space 15872K, 100% used [0x00000000eaf00000,0x00000000ebe80000,0x00000000ebe80000)
  from space 2048K, 7% used [0x00000000ec080000,0x00000000ec0a8000,0x00000000ec280000)
  to   space 2048K, 0% used [0x00000000ebe80000,0x00000000ebe80000,0x00000000ec080000)
 ParOldGen       total 44032K, used 4506K [0x00000000c0c00000, 0x00000000c3700000, 0x00000000eaf00000)
  object space 44032K, 10% used [0x00000000c0c00000,0x00000000c1066ba0,0x00000000c3700000)
 Metaspace       used 8670K, capacity 8820K, committed 9088K, reserved 1056768K
  class space    used 987K, capacity 1026K, committed 1152K, reserved 1048576K
Event: 28.244 GC heap after
Heap after GC invocations=21 (full 0):
 PSYoungGen      total 17920K, used 192K [0x00000000eaf00000, 0x00000000ec280000, 0x0000000100000000)
  eden space 15872K, 0% used [0x00000000eaf00000,0x00000000eaf00000,0x00000000ebe80000)
  from space 2048K, 9% used [0x00000000ebe80000,0x00000000ebeb0000,0x00000000ec080000)
  to   space 2048K, 0% used [0x00000000ec080000,0x00000000ec080000,0x00000000ec280000)
 ParOldGen       total 44032K, used 16464K [0x00000000c0c00000, 0x00000000c3700000, 0x00000000eaf00000)
  object space 44032K, 37% used [0x00000000c0c00000,0x00000000c1c14320,0x00000000c3700000)
 Metaspace       used 8670K, capacity 8820K, committed 9088K, reserved 1056768K
  class space    used 987K, capacity 1026K, committed 1152K, reserved 1048576K
}
Event: 29.743 GC heap before
{Heap before GC invocations=22 (full 0):
 PSYoungGen      total 17920K, used 15680K [0x00000000eaf00000, 0x00000000ec280000, 0x0000000100000000)
  eden space 15872K, 97% used [0x00000000eaf00000,0x00000000ebe201a0,0x00000000ebe80000)
  from space 2048K, 9% used [0x00000000ebe80000,0x00000000ebeb0000,0x00000000ec080000)
  to   space 2048K, 0% used [0x00000000ec080000,0x00000000ec080000,0x00000000ec280000)
 ParOldGen       total 44032K, used 16464K [0x00000000c0c00000, 0x00000000c3700000, 0x00000000eaf00000)
  object space 44032K, 37% used [0x00000000c0c00000,0x00000000c1c14320,0x00000000c3700000)
 Metaspace       used 8670K, capacity 8820K, committed 9088K, reserved 1056768K
  class space    used 987K, capacity 1026K, committed 1152K, reserved 1048576K
Event: 29.751 GC heap after
Heap after GC invocations=22 (full 0):
 PSYoungGen      total 17920K, used 160K [0x00000000eaf00000, 0x00000000ec280000, 0x0000000100000000)
  eden space 15872K, 0% used [0x00000000eaf00000,0x00000000eaf00000,0x00000000ebe80000)
  from space 2048K, 7% used [0x00000000ec080000,0x00000000ec0a8000,0x00000000ec280000)
  to   space 2048K, 0% used [0x00000000ebe80000,0x00000000ebe80000,0x00000000ec080000)
 ParOldGen       total 44032K, used 16488K [0x00000000c0c00000, 0x00000000c3700000, 0x00000000eaf00000)
  object space 44032K, 37% used [0x00000000c0c00000,0x00000000c1c1a320,0x00000000c3700000)
 Metaspace       used 8670K, capacity 8820K, committed 9088K, reserved 1056768K
  class space    used 987K, capacity 1026K, committed 1152K, reserved 1048576K
}
Event: 31.103 GC heap before
{Heap before GC invocations=23 (full 0):
 PSYoungGen      total 17920K, used 16032K [0x00000000eaf00000, 0x00000000ec280000, 0x0000000100000000)
  eden space 15872K, 100% used [0x00000000eaf00000,0x00000000ebe80000,0x00000000ebe80000)
  from space 2048K, 7% used [0x00000000ec080000,0x00000000ec0a8000,0x00000000ec280000)
  to   space 2048K, 0% used [0x00000000ebe80000,0x00000000ebe80000,0x00000000ec080000)
 ParOldGen       total 44032K, used 16488K [0x00000000c0c00000, 0x00000000c3700000, 0x00000000eaf00000)
  object space 44032K, 37% used [0x00000000c0c00000,0x00000000c1c1a320,0x00000000c3700000)
 Metaspace       used 8671K, capacity 8820K, committed 9088K, reserved 1056768K
  class space    used 987K, capacity 1026K, committed 1152K, reserved 1048576K
Event: 31.112 GC heap after
Heap after GC invocations=23 (full 0):
 PSYoungGen      total 17920K, used 160K [0x00000000eaf00000, 0x00000000ec280000, 0x0000000100000000)
  eden space 15872K, 0% used [0x00000000eaf00000,0x00000000eaf00000,0x00000000ebe80000)
  from space 2048K, 7% used [0x00000000ebe80000,0x00000000ebea8000,0x00000000ec080000)
  to   space 2048K, 0% used [0x00000000ec080000,0x00000000ec080000,0x00000000ec280000)
 ParOldGen       total 44032K, used 25161K [0x00000000c0c00000, 0x00000000c3700000, 0x00000000eaf00000)
  object space 44032K, 57% used [0x00000000c0c00000,0x00000000c2492510,0x00000000c3700000)
 Metaspace       used 8671K, capacity 8820K, committed 9088K, reserved 1056768K
  class space    used 987K, capacity 1026K, committed 1152K, reserved 1048576K
}
Event: 32.579 GC heap before
{Heap before GC invocations=24 (full 0):
 PSYoungGen      total 17920K, used 16032K [0x00000000eaf00000, 0x00000000ec280000, 0x0000000100000000)
  eden space 15872K, 100% used [0x00000000eaf00000,0x00000000ebe80000,0x00000000ebe80000)
  from space 2048K, 7% used [0x00000000ebe80000,0x00000000ebea8000,0x00000000ec080000)
  to   space 2048K, 0% used [0x00000000ec080000,0x00000000ec080000,0x00000000ec280000)
 ParOldGen       total 44032K, used 25161K [0x00000000c0c00000, 0x00000000c3700000, 0x00000000eaf00000)
  object space 44032K, 57% used [0x00000000c0c00000,0x00000000c2492510,0x00000000c3700000)
 Metaspace       used 8671K, capacity 8820K, committed 9088K, reserved 1056768K
  class space    used 987K, capacity 1026K, committed 1152K, reserved 1048576K
Event: 32.584 GC heap after
Heap after GC invocations=24 (full 0):
 PSYoungGen      total 16896K, used 160K [0x00000000eaf00000, 0x00000000ec180000, 0x0000000100000000)
  eden space 15872K, 0% used [0x00000000eaf00000,0x00000000eaf00000,0x00000000ebe80000)
  from space 1024K, 15% used [0x00000000ec080000,0x00000000ec0a8000,0x00000000ec180000)
  to   space 1536K, 0% used [0x00000000ebe80000,0x00000000ebe80000,0x00000000ec000000)
 ParOldGen       total 44032K, used 25177K [0x00000000c0c00000, 0x00000000c3700000, 0x00000000eaf00000)
  object space 44032K, 57% used [0x00000000c0c00000,0x00000000c2496510,0x00000000c3700000)
 Metaspace       used 8671K, capacity 8820K, committed 9088K, reserved 1056768K
  class space    used 987K, capacity 1026K, committed 1152K, reserved 1048576K
}
Event: 34.097 GC heap before
{Heap before GC invocations=25 (full 0):
 PSYoungGen      total 16896K, used 16032K [0x00000000eaf00000, 0x00000000ec180000, 0x0000000100000000)
  eden space 15872K, 100% used [0x00000000eaf00000,0x00000000ebe80000,0x00000000ebe80000)
  from space 1024K, 15% used [0x00000000ec080000,0x00000000ec0a8000,0x00000000ec180000)
  to   space 1536K, 0% used [0x00000000ebe80000,0x00000000ebe80000,0x00000000ec000000)
 ParOldGen       total 44032K, used 25177K [0x00000000c0c00000, 0x00000000c3700000, 0x00000000eaf00000)
  object space 44032K, 57% used [0x00000000c0c00000,0x00000000c2496510,0x00000000c3700000)
 Metaspace       used 8671K, capacity 8820K, committed 9088K, reserved 1056768K
  class space    used 987K, capacity 1026K, committed 1152K, reserved 1048576K
Event: 34.101 GC heap after
Heap after GC invocations=25 (full 0):
 PSYoungGen      total 17408K, used 192K [0x00000000eaf00000, 0x00000000ec180000, 0x0000000100000000)
  eden space 15872K, 0% used [0x00000000eaf00000,0x00000000eaf00000,0x00000000ebe80000)
  from space 1536K, 12% used [0x00000000ebe80000,0x00000000ebeb0000,0x00000000ec000000)
  to   space 1536K, 0% used [0x00000000ec000000,0x00000000ec000000,0x00000000ec180000)
 ParOldGen       total 44032K, used 25185K [0x00000000c0c00000, 0x00000000c3700000, 0x00000000eaf00000)
  object space 44032K, 57% used [0x00000000c0c00000,0x00000000c2498510,0x00000000c3700000)
 Metaspace       used 8671K, capacity 8820K, committed 9088K, reserved 1056768K
  class space    used 987K, capacity 1026K, committed 1152K, reserved 1048576K
}

