# JRE version: Java(TM) SE Runtime Environment (8.0_20-b26) (build 1.8.0_20-b26)
# Java VM: Java HotSpot(TM) 64-Bit Server VM (25.20-b23 mixed mode windows-amd64 compressed oops)
Heap:
 PSYoungGen      total 18944K, used 13687K [0x00000000eaf00000, 0x00000000ec400000, 0x0000000100000000)
  eden space 16384K, 73% used [0x00000000eaf00000,0x00000000ebac5d40,0x00000000ebf00000)
  from space 2560K, 63% used [0x00000000ebf00000,0x00000000ec098020,0x00000000ec180000)
  to   space 2560K, 0% used [0x00000000ec180000,0x00000000ec180000,0x00000000ec400000)
 ParOldGen       total 44032K, used 2906K [0x00000000c0c00000, 0x00000000c3700000, 0x00000000eaf00000)
  object space 44032K, 6% used [0x00000000c0c00000,0x00000000c0ed6b50,0x00000000c3700000)
 Metaspace       used 8419K, capacity 8556K, committed 8832K, reserved 1056768K
  class space    used 970K, capacity 1026K, committed 1152K, reserved 1048576K
GC Heap History (6 events):
Event: 1.548 GC heap before
{Heap before GC invocations=1 (full 0):
 PSYoungGen      total 18944K, used 16384K [0x00000000eaf00000, 0x00000000ec400000, 0x0000000100000000)
  eden space 16384K, 100% used [0x00000000eaf00000,0x00000000ebf00000,0x00000000ebf00000)
  from space 2560K, 0% used [0x00000000ec180000,0x00000000ec180000,0x00000000ec400000)
  to   space 2560K, 0% used [0x00000000ebf00000,0x00000000ebf00000,0x00000000ec180000)
 ParOldGen       total 44032K, used 0K [0x00000000c0c00000, 0x00000000c3700000, 0x00000000eaf00000)
  object space 44032K, 0% used [0x00000000c0c00000,0x00000000c0c00000,0x00000000c3700000)
 Metaspace       used 8219K, capacity 8364K, committed 8576K, reserved 1056768K
  class space    used 964K, capacity 1026K, committed 1152K, reserved 1048576K
Event: 1.554 GC heap after
Heap after GC invocations=1 (full 0):
 PSYoungGen      total 18944K, used 1440K [0x00000000eaf00000, 0x00000000ec400000, 0x0000000100000000)
  eden space 16384K, 0% used [0x00000000eaf00000,0x00000000eaf00000,0x00000000ebf00000)
  from space 2560K, 56% used [0x00000000ebf00000,0x00000000ec068000,0x00000000ec180000)
  to   space 2560K, 0% used [0x00000000ec180000,0x00000000ec180000,0x00000000ec400000)
 ParOldGen       total 44032K, used 2890K [0x00000000c0c00000, 0x00000000c3700000, 0x00000000eaf00000)
  object space 44032K, 6% used [0x00000000c0c00000,0x00000000c0ed2b50,0x00000000c3700000)
 Metaspace       used 8219K, capacity 8364K, committed 8576K, reserved 1056768K
  class space    used 964K, capacity 1026K, committed 1152K, reserved 1048576K
}
Event: 5.537 GC heap before
{Heap before GC invocations=2 (full 0):
 PSYoungGen      total 18944K, used 17824K [0x00000000eaf00000, 0x00000000ec400000, 0x0000000100000000)
  eden space 16384K, 100% used [0x00000000eaf00000,0x00000000ebf00000,0x00000000ebf00000)
  from space 2560K, 56% used [0x00000000ebf00000,0x00000000ec068000,0x00000000ec180000)
  to   space 2560K, 0% used [0x00000000ec180000,0x00000000ec180000,0x00000000ec400000)
 ParOldGen       total 44032K, used 2890K [0x00000000c0c00000, 0x00000000c3700000, 0x00000000eaf00000)
  object space 44032K, 6% used [0x00000000c0c00000,0x00000000c0ed2b50,0x00000000c3700000)
 Metaspace       used 8233K, capacity 8364K, committed 8576K, reserved 1056768K
  class space    used 964K, capacity 1026K, committed 1152K, reserved 1048576K
Event: 5.545 GC heap after
Heap after GC invocations=2 (full 0):
 PSYoungGen      total 18944K, used 1408K [0x00000000eaf00000, 0x00000000ec400000, 0x0000000100000000)
  eden space 16384K, 0% used [0x00000000eaf00000,0x00000000eaf00000,0x00000000ebf00000)
  from space 2560K, 55% used [0x00000000ec180000,0x00000000ec2e0020,0x00000000ec400000)
  to   space 2560K, 0% used [0x00000000ebf00000,0x00000000ebf00000,0x00000000ec180000)
 ParOldGen       total 44032K, used 2898K [0x00000000c0c00000, 0x00000000c3700000, 0x00000000eaf00000)
  object space 44032K, 6% used [0x00000000c0c00000,0x00000000c0ed4b50,0x00000000c3700000)
 Metaspace       used 8233K, capacity 8364K, committed 8576K, reserved 1056768K
  class space    used 964K, capacity 1026K, committed 1152K, reserved 1048576K
}
Event: 9.221 GC heap before
{Heap before GC invocations=3 (full 0):
 PSYoungGen      total 18944K, used 17792K [0x00000000eaf00000, 0x00000000ec400000, 0x0000000100000000)
  eden space 16384K, 100% used [0x00000000eaf00000,0x00000000ebf00000,0x00000000ebf00000)
  from space 2560K, 55% used [0x00000000ec180000,0x00000000ec2e0020,0x00000000ec400000)
  to   space 2560K, 0% used [0x00000000ebf00000,0x00000000ebf00000,0x00000000ec180000)
 ParOldGen       total 44032K, used 2898K [0x00000000c0c00000, 0x00000000c3700000, 0x00000000eaf00000)
  object space 44032K, 6% used [0x00000000c0c00000,0x00000000c0ed4b50,0x00000000c3700000)
 Metaspace       used 8390K, capacity 8556K, committed 8832K, reserved 1056768K
  class space    used 970K, capacity 1026K, committed 1152K, reserved 1048576K
Event: 9.226 GC heap after
Heap after GC invocations=3 (full 0):
 PSYoungGen      total 18944K, used 1632K [0x00000000eaf00000, 0x00000000ec400000, 0x0000000100000000)
  eden space 16384K, 0% used [0x00000000eaf00000,0x00000000eaf00000,0x00000000ebf00000)
  from space 2560K, 63% used [0x00000000ebf00000,0x00000000ec098020,0x00000000ec180000)
  to   space 2560K, 0% used [0x00000000ec180000,0x00000000ec180000,0x00000000ec400000)
 ParOldGen       total 44032K, used 2906K [0x00000000c0c00000, 0x00000000c3700000, 0x00000000eaf00000)
  object space 44032K, 6% used [0x00000000c0c00000,0x00000000c0ed6b50,0x00000000c3700000)
 Metaspace       used 8390K, capacity 8556K, committed 8832K, reserved 1056768K
  class space    used 970K, capacity 1026K, committed 1152K, reserved 1048576K
}

